This is pdfTeX, Version 3.1415926-1.40.10 (TeX Live 2009/Debian) (format=latex 2011.4.12)  21 APR 2011 15:09
entering extended mode
 %&-line parsing enabled.
**\makeatletter\def\HCode{\futurelet\HCode\HChar}\def\HChar{\ifx"\HCode\def\HCo
de"##1"{\Link##1}\expandafter\HCode\else\expandafter\Link\fi}\def\Link#1.a.b.c.
{\g@addto@macro\@documentclasshook{\RequirePackage[#1,html]{tex4ht}}\let\HCode\
documentstyle\def\documentstyle{\let\documentstyle\HCode\expandafter\def\csname
 tex4ht\endcsname{#1,html}\def\HCode####1{\documentstyle[tex4ht,}\@ifnextchar[{
\HCode}{\documentstyle[tex4ht]}}}\makeatother\HCode xhtml,mozilla.a.b.c.\input 
 AMSI.tex
(./AMSI.tex (./acmsiggraph.cls
Document Class: acmsiggraph 2011/03/02 ACM SIGGRAPH class
\ACMpointsize=\skip41
(/usr/share/texmf-texlive/tex/latex/base/article.cls
Document Class: article 2007/10/19 v1.4h Standard LaTeX document class
(/usr/share/texmf-texlive/tex/latex/base/size10.clo
File: size10.clo 2007/10/19 v1.4h Standard LaTeX file (size option)
)
\c@part=\count79
\c@section=\count80
\c@subsection=\count81
\c@subsubsection=\count82
\c@paragraph=\count83
\c@subparagraph=\count84
\c@figure=\count85
\c@table=\count86
\abovecaptionskip=\skip42
\belowcaptionskip=\skip43
\bibindent=\dimen102
)
(/usr/share/texmf-texlive/tex/latex/lineno/lineno.sty
Package: lineno 2005/11/02 line numbers on paragraphs v4.41
\linenopenalty=\count87
\output=\toks14
\linenoprevgraf=\count88
\linenumbersep=\dimen103
\linenumberwidth=\dimen104
\c@linenumber=\count89
\c@pagewiselinenumber=\count90
\c@LN@truepage=\count91
\c@internallinenumber=\count92
\c@internallinenumbers=\count93
\quotelinenumbersep=\dimen105
\bframerule=\dimen106
\bframesep=\dimen107
\bframebox=\box26
LaTeX Info: Redefining \\ on input line 3056.
)
(/usr/share/texmf-texlive/tex/latex/psnfss/helvet.sty
Package: helvet 2005/04/12 PSNFSS-v9.2a (WaS) 

(/usr/share/texmf-texlive/tex/latex/graphics/keyval.sty
Package: keyval 1999/03/16 v1.13 key=value parser (DPC)
\KV@toks@=\toks15
))
(/usr/share/texmf-texlive/tex/latex/psnfss/times.sty
Package: times 2005/04/12 PSNFSS-v9.2a (SPQR) 
)
(/usr/share/texmf-texlive/tex/latex/graphics/graphicx.sty
Package: graphicx 1999/02/16 v1.0f Enhanced LaTeX Graphics (DPC,SPQR)

(/usr/share/texmf-texlive/tex/latex/graphics/graphics.sty
Package: graphics 2009/02/05 v1.0o Standard LaTeX Graphics (DPC,SPQR)

(/usr/share/texmf-texlive/tex/latex/graphics/trig.sty
Package: trig 1999/03/16 v1.09 sin cos tan (DPC)
)
(/etc/texmf/tex/latex/config/graphics.cfg
File: graphics.cfg 2009/08/28 v1.8 graphics configuration of TeX Live
)
Package graphics Info: Driver file: dvips.def on input line 91.

(/usr/share/texmf-texlive/tex/latex/graphics/dvips.def
File: dvips.def 1999/02/16 v3.0i Driver-dependant file (DPC,SPQR)
))
\Gin@req@height=\dimen108
\Gin@req@width=\dimen109
)
(/usr/share/texmf-texlive/tex/latex/caption/caption.sty
Package: caption 2009/10/09 v3.1k Customizing captions (AR)

(/usr/share/texmf-texlive/tex/latex/caption/caption3.sty
Package: caption3 2009/10/09 v3.1k caption3 kernel (AR)
\captionmargin=\dimen110
\captionmargin@=\dimen111
\captionwidth=\dimen112
\caption@indent=\dimen113
\caption@parindent=\dimen114
\caption@hangindent=\dimen115
)
\c@ContinuedFloat=\count94
)
(/usr/share/texmf-texlive/tex/latex/ltxmisc/parskip.sty
Package: parskip 2001/04/09 non-zero parskip adjustments
)
\ACMcopyrightspace=\skip44
\bibhang=\skip45
\titlespace=\skip46
\teaserspace=\skip47
\@ACMabs=\toks16

(/usr/share/texmf-texlive/tex/generic/oberdiek/ifpdf.sty
Package: ifpdf 2009/04/10 v2.0 Provides the ifpdf switch (HO)
Package ifpdf Info: pdfTeX in pdf mode not detected.
)
(/usr/share/texmf-texlive/tex/latex/hyperref/hyperref.sty
Package: hyperref 2009/10/09 v6.79a Hypertext links for LaTeX

(/usr/share/texmf-texlive/tex/generic/oberdiek/ifvtex.sty
Package: ifvtex 2008/11/04 v1.4 Switches for detecting VTeX and its modes (HO)
Package ifvtex Info: VTeX not detected.
)
(/usr/share/texmf-texlive/tex/generic/ifxetex/ifxetex.sty
Package: ifxetex 2009/01/23 v0.5 Provides ifxetex conditional
)
(/usr/share/texmf-texlive/tex/latex/oberdiek/hycolor.sty
Package: hycolor 2009/10/02 v1.5 Code for color options of hyperref/bookmark (H
O)

(/usr/share/texmf-texlive/tex/latex/oberdiek/xcolor-patch.sty
Package: xcolor-patch 2009/10/02 xcolor patch
))
\@linkdim=\dimen116
\Hy@linkcounter=\count95
\Hy@pagecounter=\count96

(/usr/share/texmf-texlive/tex/latex/hyperref/pd1enc.def
File: pd1enc.def 2009/10/09 v6.79a Hyperref: PDFDocEncoding definition (HO)
)
(/usr/share/texmf-texlive/tex/generic/oberdiek/etexcmds.sty
Package: etexcmds 2007/12/12 v1.2 Prefix for e-TeX command names (HO)

(/usr/share/texmf-texlive/tex/generic/oberdiek/infwarerr.sty
Package: infwarerr 2007/09/09 v1.2 Providing info/warning/message (HO)
)
Package etexcmds Info: Could not find \expanded.
(etexcmds)             That can mean that you are not using pdfTeX 1.50 or
(etexcmds)             that some package has redefined \expanded.
(etexcmds)             In the latter case, load this package earlier.
)
(/usr/share/texmf-texlive/tex/latex/latexconfig/hyperref.cfg
File: hyperref.cfg 2002/06/06 v1.2 hyperref configuration of TeXLive
)
(/usr/share/texmf-texlive/tex/latex/oberdiek/kvoptions.sty
Package: kvoptions 2009/08/13 v3.4 Keyval support for LaTeX options (HO)

(/usr/share/texmf-texlive/tex/generic/oberdiek/kvsetkeys.sty
Package: kvsetkeys 2009/07/30 v1.5 Key value parser with default handler suppor
t (HO)
))
Package hyperref Info: Option `hyperfootnotes' set `false' on input line 2864.
Package hyperref Info: Option `bookmarks' set `false' on input line 2864.
Package hyperref Info: Hyper figures OFF on input line 2975.
Package hyperref Info: Link nesting OFF on input line 2980.
Package hyperref Info: Hyper index ON on input line 2983.
Package hyperref Info: Plain pages OFF on input line 2990.
Package hyperref Info: Backreferencing OFF on input line 2995.

Implicit mode ON; LaTeX internals redefined
Package hyperref Info: Bookmarks OFF on input line 3197.
(/usr/share/texmf-texlive/tex/latex/ltxmisc/url.sty
\Urlmuskip=\muskip10
Package: url 2006/04/12  ver 3.3  Verb mode for urls, etc.
)
LaTeX Info: Redefining \url on input line 3428.

(/usr/share/texmf-texlive/tex/generic/oberdiek/bitset.sty
Package: bitset 2007/09/28 v1.0 Data type bit set (HO)

(/usr/share/texmf-texlive/tex/generic/oberdiek/intcalc.sty
Package: intcalc 2007/09/27 v1.1 Expandable integer calculations (HO)
)
(/usr/share/texmf-texlive/tex/generic/oberdiek/bigintcalc.sty
Package: bigintcalc 2007/11/11 v1.1 Expandable big integer calculations (HO)

(/usr/share/texmf-texlive/tex/generic/oberdiek/pdftexcmds.sty
Package: pdftexcmds 2009/09/23 v0.6 LuaTeX support for pdfTeX utility functions
 (HO)

(/usr/share/texmf-texlive/tex/generic/oberdiek/ifluatex.sty
Package: ifluatex 2009/04/17 v1.2 Provides the ifluatex switch (HO)
Package ifluatex Info: LuaTeX not detected.
)
(/usr/share/texmf-texlive/tex/generic/oberdiek/ltxcmds.sty
Package: ltxcmds 2009/08/05 v1.0 Some LaTeX kernel commands for general use (HO
)
)
Package pdftexcmds Info: LuaTeX not detected.
Package pdftexcmds Info: \pdf@primitive is available.
Package pdftexcmds Info: \pdf@ifprimitive is available.
)))
\Fld@menulength=\count97
\Field@Width=\dimen117
\Fld@charsize=\dimen118
\Field@toks=\toks17
Package hyperref Info: Hyper figures OFF on input line 4377.
Package hyperref Info: Link nesting OFF on input line 4382.
Package hyperref Info: Hyper index ON on input line 4385.
Package hyperref Info: backreferencing OFF on input line 4392.
Package hyperref Info: Link coloring OFF on input line 4397.
Package hyperref Info: Link coloring with OCG OFF on input line 4402.
Package hyperref Info: PDF/A mode OFF on input line 4407.

(/usr/share/texmf-texlive/tex/generic/oberdiek/atbegshi.sty
Package: atbegshi 2008/07/31 v1.9 At begin shipout hook (HO)
)
\Hy@abspage=\count98
\c@Item=\count99
)
*hyperref using default driver hdvips*
(/usr/share/texmf-texlive/tex/latex/hyperref/hdvips.def
File: hdvips.def 2009/10/09 v6.79a Hyperref driver for dvips

(/usr/share/texmf-texlive/tex/latex/hyperref/pdfmark.def
File: pdfmark.def 2009/10/09 v6.79a Hyperref definitions for pdfmark specials
\pdf@docset=\toks18
\pdf@box=\box27
\pdf@toks=\toks19
\pdf@defaulttoks=\toks20
\Fld@listcount=\count100
))
Package hyperref Info: Option `colorlinks' set `true' on input line 503.
)
(/usr/share/texmf/tex/generic/tex4ht/tex4ht.sty
version 2008-10-27-17:23
Package: tex4ht 
--------------------------------------
--- Note --- for _ at preamble, use the command line option `early_'
--------------------------------------
--------------------------------------
--- Note --- for ^ at preamble, use the command line option `early^'
--------------------------------------
\tmp:toks=\toks21
)
(/usr/share/texmf/tex/generic/tex4ht/usepackage.4ht
version 2009-05-21-09:32
)
(/usr/share/texmf-texlive/tex/latex/amsmath/amsmath.sty
Package: amsmath 2000/07/18 v2.13 AMS math features
\@mathmargin=\skip48

For additional information on amsmath, use the `?' option.
(/usr/share/texmf-texlive/tex/latex/amsmath/amstext.sty
Package: amstext 2000/06/29 v2.01

(/usr/share/texmf-texlive/tex/latex/amsmath/amsgen.sty
File: amsgen.sty 1999/11/30 v2.0
\@emptytoks=\toks22
\ex@=\dimen119
))
(/usr/share/texmf-texlive/tex/latex/amsmath/amsbsy.sty
Package: amsbsy 1999/11/29 v1.2d
\pmbraise@=\dimen120
)
(/usr/share/texmf-texlive/tex/latex/amsmath/amsopn.sty
Package: amsopn 1999/12/14 v2.01 operator names
)
\inf@bad=\count101
LaTeX Info: Redefining \frac on input line 211.
\uproot@=\count102
\leftroot@=\count103
LaTeX Info: Redefining \overline on input line 307.
\classnum@=\count104
\DOTSCASE@=\count105
LaTeX Info: Redefining \ldots on input line 379.
LaTeX Info: Redefining \dots on input line 382.
LaTeX Info: Redefining \cdots on input line 467.
\Mathstrutbox@=\box28
\strutbox@=\box29
\big@size=\dimen121
LaTeX Font Info:    Redeclaring font encoding OML on input line 567.
LaTeX Font Info:    Redeclaring font encoding OMS on input line 568.
\macc@depth=\count106
\c@MaxMatrixCols=\count107
\dotsspace@=\muskip11
\c@parentequation=\count108
\dspbrk@lvl=\count109
\tag@help=\toks23
\row@=\count110
\column@=\count111
\maxfields@=\count112
\andhelp@=\toks24
\eqnshift@=\dimen122
\alignsep@=\dimen123
\tagshift@=\dimen124
\tagwidth@=\dimen125
\totwidth@=\dimen126
\lineht@=\dimen127
\@envbody=\toks25
\multlinegap=\skip49
\multlinetaggap=\skip50
\mathdisplay@stack=\toks26
LaTeX Info: Redefining \[ on input line 2666.
LaTeX Info: Redefining \] on input line 2667.
)
(/usr/share/texmf/tex/generic/tex4ht/tex4ht.4ht
version 2009-01-07-07:11
--------------------------------------
--- Note --- for additional information, use the command line option `info'
--------------------------------------

::::::::::::::::::::::::::::::::::::::::::
 TeX4ht info is available in the log file 
::::::::::::::::::::::::::::::::::::::::::
--------------------------------------
--- Note --- For MathML on MSIE + MathPlayer use the command line option `mathp
layer'
--------------------------------------
) (/usr/share/texmf/tex/generic/tex4ht/tex4ht.sty
version 2008-10-27-17:23

--- needs --- tex4ht AMSI ---
\tmp:cnt=\count113
\openout15 = `AMSI.tmp'.

(./AMSI.tmp)
\tmp:dim=\skip51
 (./AMSI.xref)
\:refout=\write3
\openout3 = `AMSI.xref'.

 (/usr/share/texmf/tex/generic/tex4ht/html4.4ht
version 2009-05-18-23:01
--------------------------------------
--- Note --- to remove the <?xml version=...?> processing instruction use the c
ommand line option `no-VERSION'
--------------------------------------
--------------------------------------
--- Note --- to remove the DOCTYPE declaration use the command line option `no-
DOCTYPE'
--------------------------------------
)
(/usr/share/texmf/tex/generic/tex4ht/unicode.4ht
version 2009-02-23-20:45
)
(/usr/share/texmf/tex/generic/tex4ht/mathml.4ht
version 2009-04-18-11:08
)
(/usr/share/texmf/tex/generic/tex4ht/html-mml.4ht
version 2009-04-18-11:08
)
(/usr/share/texmf/tex/generic/tex4ht/mozilla.4ht
version 2008-01-02-08:15
)
--------------------------------------
--- Note --- for marking of the base font, use the command line option `fonts+'

--------------------------------------
--------------------------------------
--- Note --- for non active _, use the command line option `no_'
--------------------------------------
--------------------------------------
--- Note --- for _ of catcode 13, use the command line option `_13'
--------------------------------------
--------------------------------------
--- Note --- for non active ^, use the command line option `no^'
--------------------------------------
--------------------------------------
--- Note --- for ^ of catcode 13, use the command line option `^13'
--------------------------------------

(/usr/share/texmf/tex/generic/tex4ht/html4.4ht
version 2009-05-18-23:01
--------------------------------------
--- Note --- for alternative charset, use the command line option `charset=...'

--------------------------------------
--------------------------------------
--- Note --- to ignore CSS font decoration, use the `NoFonts' command line opti
on
--------------------------------------
--------------------------------------
--- Note --- for jpg bitmaps of pictures, use the `jpg' command line option. (C
haracter bitmaps are controled only by `g' records of tex4ht.env and `-g' switc
hes of tex4ht.c) 
--------------------------------------
--------------------------------------
--- Note --- for gif bitmaps of pictures, use the `gif' command line option. (C
haracter bitmaps are controled only by `g' records of tex4ht.env and `-g' switc
hes of tex4ht.c) 
--------------------------------------
--------------------------------------
--- Note --- for content and toc in 2 frames, use the command line option `fram
es'
--------------------------------------
--------------------------------------
--- Note --- for content, toc, and footnotes in 3 frames, use the command line 
option `frames-fn'
--------------------------------------
--------------------------------------
--- Note --- for file extension name xht, use the command line option `xht'
--------------------------------------
TeX4ht package options: xhtml,mozilla,html
--------------------------------------
--- Note --- to ignore CSS code, use the command line option `-css
--------------------------------------
--------------------------------------
--- Note --- for inline CSS code, use the command line option `css-in'
--------------------------------------
--------------------------------------
--- Note --- for pop ups on mouse over, use the command line option `mouseover'

--------------------------------------
--------------------------------------
--- Note --- for addressing images in a subdirectory, use the command line opti
on `imgdir:.../'
--------------------------------------
)
(/usr/share/texmf/tex/generic/tex4ht/unicode.4ht
version 2009-02-23-20:45
)
(/usr/share/texmf/tex/generic/tex4ht/mathml.4ht
version 2009-04-18-11:08
)
(/usr/share/texmf/tex/generic/tex4ht/html-mml.4ht
version 2009-04-18-11:08
)
(/usr/share/texmf/tex/generic/tex4ht/mozilla.4ht
version 2008-01-02-08:15
--------------------------------------
--- Note --- For multi-platform MathML through stylesheet transforms, use the c
ommand line option `pmathml'. If css rendering is preferred, use `pmathml-css'.

--------------------------------------
)
\:tokwrite=\toks27
\:tokpage=\toks28
--------------------------------------
--- Note --- for back links to toc, use the command line option `sections+'
--------------------------------------
--------------------------------------
--- Note --- for linear crosslinks of pages, use the command line option `next'

--------------------------------------
\openout15 = `AMSI.4ct'.

\:tocout=\write4
\openout4 = `AMSI.4tc'.


(/usr/share/texmf/tex/generic/tex4ht/html4.4ht
version 2009-05-18-23:01
)
(/usr/share/texmf/tex/generic/tex4ht/unicode.4ht
version 2009-02-23-20:45
)
(/usr/share/texmf/tex/generic/tex4ht/mathml.4ht
version 2009-04-18-11:08
)
(/usr/share/texmf/tex/generic/tex4ht/html-mml.4ht
version 2009-04-18-11:08
)
(/usr/share/texmf/tex/generic/tex4ht/mozilla.4ht
version 2008-01-02-08:15
)
(/usr/share/texmf/tex/generic/tex4ht/latex.4ht
version 2009-05-21-09:32
--------------------------------------
--- Note --- for links into captions, instead of float heads, use the command l
ine option `refcaption'
--------------------------------------

(/usr/share/texmf/tex/generic/tex4ht/html4.4ht
version 2009-05-18-23:01
--------------------------------------
--- Note --- For mini tocs immediately aftter the header use the command line o
ption `minitoc<'
--------------------------------------
--------------------------------------
--- Note --- for enumerated list elements with valued data, use the command lin
e option `enumerate+'
--------------------------------------
--------------------------------------
--- Note --- for enumerated list elements li's with value attributes, use the c
ommand line option `enumerate-'
--------------------------------------
--------------------------------------
--- Note --- for CSS2 code, use the command line option `css2'
--------------------------------------
--------------------------------------
--- Note --- for pictorial tabular, use the command line option `pic-tabular'
--------------------------------------
--------------------------------------
--- Note --- for bitmap fbox'es, use the command line option `pic-fbox'
--------------------------------------
--------------------------------------
--- Note --- for bitmap framebox'es, use the command line option `pic-framebox'

--------------------------------------
--------------------------------------
--- Note --- for inline footnotes use command line option `fn-in'
--------------------------------------
--------------------------------------
--- Note --- for tracing of latex font commands, use the command line option `f
onts'
--------------------------------------
--------------------------------------
--- Note --- for width specifications of tabular p entries, use the `p-width' c
ommand line option or a configuration similar to \Configure{HColWidth}{\HCode{ 
style="width:\HColWidth"}}
--------------------------------------
)
(/usr/share/texmf/tex/generic/tex4ht/unicode.4ht
version 2009-02-23-20:45
)
(/usr/share/texmf/tex/generic/tex4ht/mathml.4ht
version 2009-04-18-11:08
)
(/usr/share/texmf/tex/generic/tex4ht/html-mml.4ht
version 2009-04-18-11:08
)
(/usr/share/texmf/tex/generic/tex4ht/mozilla.4ht
version 2008-01-02-08:15
))
(/usr/share/texmf/tex/generic/tex4ht/fontmath.4ht
version 2009-05-21-09:32

(/usr/share/texmf/tex/generic/tex4ht/html4.4ht
version 2009-05-18-23:01
)
(/usr/share/texmf/tex/generic/tex4ht/unicode.4ht
version 2009-02-23-20:45
)
(/usr/share/texmf/tex/generic/tex4ht/mathml.4ht
version 2009-04-18-11:08
\tmp:bx=\box30

! Undefined control sequence.
\@makecol ->\@LN@orig@makecol 
                              \setbox \@outputbox \vbox {\boxmaxdepth \@maxd...
l.1369 ...riant="bold-script">}{</\a:mathml mi>}{}
                                                  
? X
 
Here is how much of TeX's memory you used:
 8569 strings out of 495062
 110587 string characters out of 1182644
 257033 words of memory out of 3000000
 11638 multiletter control sequences out of 15000+50000
 3640 words of font info for 14 fonts, out of 3000000 for 9000
 28 hyphenation exceptions out of 8191
 45i,0n,40p,746b,209s stack positions out of 5000i,500n,10000p,200000b,50000s
No pages of output.
