\BOOKMARK [0][]{section*.2}{Contents}{}
\BOOKMARK [0][]{section*.4}{List of Figures}{}
\BOOKMARK [0][]{chapter*.5}{Nomenclature}{}
\BOOKMARK [0][]{chapter.1}{1 INTRODUCTION}{}
\BOOKMARK [1][]{section.1.1}{1.1 Rethink about Motor Control}{chapter.1}
\BOOKMARK [1][]{section.1.2}{1.2 A Different Motor Control Idea}{chapter.1}
\BOOKMARK [1][]{section.1.3}{1.3 llustrate principle ideas through simple examples}{chapter.1}
\BOOKMARK [2][]{subsection.1.3.1}{1.3.1 Ship Floating}{section.1.3}
\BOOKMARK [2][]{subsection.1.3.2}{1.3.2 The Mass-Spring Vibration}{section.1.3}
\BOOKMARK [1][]{section.1.4}{1.4 Overview of the Thesis}{chapter.1}
\BOOKMARK [0][]{chapter.2}{2 BACKGROUND}{}
\BOOKMARK [1][]{section.2.1}{2.1 Motion Synthesis Research}{chapter.2}
\BOOKMARK [2][]{subsection.2.1.1}{2.1.1 Data Driven}{section.2.1}
\BOOKMARK [2][]{subsection.2.1.2}{2.1.2 Procedure Method}{section.2.1}
\BOOKMARK [1][]{section.2.2}{2.2 Biological Motor Control}{chapter.2}
\BOOKMARK [2][]{subsection.2.2.1}{2.2.1 Biological Constraints}{section.2.2}
\BOOKMARK [2][]{subsection.2.2.2}{2.2.2 Motion Primitives}{section.2.2}
\BOOKMARK [2][]{subsection.2.2.3}{2.2.3 Motor Control Objective}{section.2.2}
\BOOKMARK [1][]{section.2.3}{2.3 \040Evidences from Bionomic Robotic Research}{chapter.2}
\BOOKMARK [1][]{section.2.4}{2.4 Our Research}{chapter.2}
\BOOKMARK [0][]{chapter.3}{3 GLOBAL MOTOR INVARIANT}{}
\BOOKMARK [1][]{section.3.1}{3.1 Introduction}{chapter.3}
\BOOKMARK [1][]{section.3.2}{3.2 Basic Concepts of Qualitative Dynamics}{chapter.3}
\BOOKMARK [2][]{subsection.3.2.1}{3.2.1 Dynamic System and Differential Manifold}{section.3.2}
\BOOKMARK [2][]{subsection.3.2.2}{3.2.2 Global Motor Invariant}{section.3.2}
\BOOKMARK [2][]{subsection.3.2.3}{3.2.3 Analogous System And Topology Conjugacy}{section.3.2}
\BOOKMARK [1][]{section.3.3}{3.3 Global Motor Invariant and Motion Adaptation}{chapter.3}
\BOOKMARK [2][]{subsection.3.3.1}{3.3.1 remarks on biological motor control}{section.3.3}
\BOOKMARK [1][]{section.3.4}{3.4 Global Motor Invariant Control}{chapter.3}
\BOOKMARK [2][]{subsection.3.4.1}{3.4.1 CPG and Entrainment}{section.3.4}
\BOOKMARK [2][]{subsection.3.4.2}{3.4.2 Neural Oscillator Stability}{section.3.4}
\BOOKMARK [1][]{section.3.5}{3.5 Example:Maintain Bouncing Height}{chapter.3}
\BOOKMARK [0][]{chapter.4}{4 LOCAL MOTOR INVARIANT}{}
\BOOKMARK [1][]{section.4.1}{4.1 Introduction}{chapter.4}
\BOOKMARK [2][]{subsection.4.1.1}{4.1.1 Group and Symmetry}{section.4.1}
\BOOKMARK [2][]{subsection.4.1.2}{4.1.2 Lie Group and Symmetry of Dynamic System}{section.4.1}
\BOOKMARK [1][]{section.4.2}{4.2 Controlled Symmetry}{chapter.4}
\BOOKMARK [1][]{section.4.3}{4.3 Example:Bouncing Ball dropt frome Different Height}{chapter.4}
\BOOKMARK [0][]{chapter.5}{5 MOTION SYNTHESIS FRAMEWORK}{}
\BOOKMARK [1][]{section.5.1}{5.1 Combined Global and Local Motor Invariant}{chapter.5}
\BOOKMARK [2][]{subsection.5.1.1}{5.1.1 \040Combine Motor Invariant Control}{section.5.1}
\BOOKMARK [2][]{subsection.5.1.2}{5.1.2 Symmetrical Entrainment Control}{section.5.1}
\BOOKMARK [2][]{subsection.5.1.3}{5.1.3 Example: Height Control of Bouncing Ball}{section.5.1}
\BOOKMARK [1][]{section.5.2}{5.2 Combine Motion Primitives}{chapter.5}
\BOOKMARK [2][]{subsection.5.2.1}{5.2.1 Motion Primitives Connectivity}{section.5.2}
\BOOKMARK [2][]{subsection.5.2.2}{5.2.2 The Motion Primitives Transition}{section.5.2}
\BOOKMARK [1][]{section.5.3}{5.3 Motion Synthesis Framework}{chapter.5}
\BOOKMARK [0][]{chapter.6}{6 MOTION PRIMITIVE TWEAKING:BIPEDAL WALKING}{}
\BOOKMARK [1][]{section.6.1}{6.1 Motion Primitives}{chapter.6}
\BOOKMARK [1][]{section.6.2}{6.2 Global Motor Control And Adaptive Gaits}{chapter.6}
\BOOKMARK [2][]{subsection.6.2.1}{6.2.1 Entrainment}{section.6.2}
\BOOKMARK [2][]{subsection.6.2.2}{6.2.2 System Gait Adaptation}{section.6.2}
\BOOKMARK [1][]{section.6.3}{6.3 Transform Gait Adaptation}{chapter.6}
\BOOKMARK [0][]{chapter.7}{7 MOTION PRIMITIVE TRANSITION:WALK AND STANCE}{}
\BOOKMARK [1][]{section.7.1}{7.1 Motion Primitives}{chapter.7}
\BOOKMARK [1][]{section.7.2}{7.2 Stance Control}{chapter.7}
\BOOKMARK [2][]{subsection.7.2.1}{7.2.1 Entraintment}{section.7.2}
\BOOKMARK [2][]{subsection.7.2.2}{7.2.2 Local Invariant Control}{section.7.2}
\BOOKMARK [1][]{section.7.3}{7.3 Walking and Stance Transition}{chapter.7}
\BOOKMARK [2][]{subsection.7.3.1}{7.3.1 Walk to Stance}{section.7.3}
\BOOKMARK [2][]{subsection.7.3.2}{7.3.2 Stance to Walk}{section.7.3}
\BOOKMARK [2][]{subsection.7.3.3}{7.3.3 Speed Action Connection}{section.7.3}
\BOOKMARK [0][]{chapter.8}{8 TOWARDS HIGH DIMENSION}{}
\BOOKMARK [1][]{section.8.1}{8.1 Introduction}{chapter.8}
\BOOKMARK [1][]{section.8.2}{8.2 neglectable}{chapter.8}
\BOOKMARK [1][]{section.8.3}{8.3 Symmetry Reduction}{chapter.8}
\BOOKMARK [1][]{section.8.4}{8.4 Mechanical Coupling}{chapter.8}
\BOOKMARK [1][]{section.8.5}{8.5 Boid and Adhoc}{chapter.8}
\BOOKMARK [1][]{section.8.6}{8.6 From Low Dimention To High Dimension}{chapter.8}
\BOOKMARK [0][]{chapter.9}{9 CONCLUSION AND FUTHER WORK}{}
\BOOKMARK [1][]{section.9.1}{9.1 Conclusion}{chapter.9}
\BOOKMARK [1][]{section.9.2}{9.2 Futher Work}{chapter.9}
\BOOKMARK [2][]{subsection.9.2.1}{9.2.1 Local Frame Based Method}{section.9.2}
\BOOKMARK [2][]{subsection.9.2.2}{9.2.2 Integrable System}{section.9.2}
\BOOKMARK [2][]{subsection.9.2.3}{9.2.3 Symmetry of PDE}{section.9.2}
\BOOKMARK [2][]{subsection.9.2.4}{9.2.4 System Transform and Muscle Actuation}{section.9.2}
\BOOKMARK [2][]{subsection.9.2.5}{9.2.5 Perception Dynamics}{section.9.2}
\BOOKMARK [2][]{subsection.9.2.6}{9.2.6 Rethink abouth the uncanny valley}{section.9.2}
\BOOKMARK [0][]{appendix*.39}{Appdx A:Dynamic Equation for Passive Walking}{}
\BOOKMARK [1][]{section..1}{.1 Knee Free Phase}{appendix*.39}
\BOOKMARK [1][]{section..2}{.2 Knee Strike}{appendix*.39}
\BOOKMARK [1][]{section..3}{.3 Knee Lock Phase}{appendix*.39}
\BOOKMARK [1][]{section..4}{.4 Heel Strike Phase}{appendix*.39}
\BOOKMARK [0][]{section*.41}{References}{}
