This is pdfTeX, Version 3.1415926-1.40.9 (MiKTeX 2.7) (preloaded format=latex 2010.3.13)  11 JAN 2011 10:45
entering extended mode
**rommePaper.tex
(rommePaper.tex
LaTeX2e <2005/12/01>
Babel <v3.8l> and hyphenation patterns for english, dumylang, nohyphenation, ge
rman, ngerman, german-x-2009-06-19, ngerman-x-2009-06-19, french, loaded.
("C:\Program Files\MiKTeX 2.7\tex\latex\ieeetran\IEEEtran.cls"
Document Class: IEEEtran 2007/03/05 V1.7a by Michael Shell
-- See the "IEEEtran_HOWTO" manual for usage information.
-- http://www.michaelshell.org/tex/ieeetran/
\@IEEEtrantmpdimenA=\dimen102
\@IEEEtrantmpdimenB=\dimen103
\@IEEEtrantmpcountA=\count79
\@IEEEtrantmpcountB=\count80
\@IEEEtrantmptoksA=\toks14
-- Using IEEE Computer Society mode.
LaTeX Font Info:    Try loading font information for OT1+ptm on input line 366.

("C:\Program Files\MiKTeX 2.7\tex\latex\psnfss\ot1ptm.fd"
File: ot1ptm.fd 2001/06/04 font definitions for OT1/ptm.
)
-- Using 210mm x 297mm (a4) paper.
-- Using DVI output.
\@IEEEnormalsizeunitybaselineskip=\dimen104
-- This is a 9 point document.
\CLASSINFOnormalsizebaselineskip=\dimen105
\CLASSINFOnormalsizeunitybaselineskip=\dimen106
\IEEEnormaljot=\dimen107
LaTeX Font Info:    Font shape `OT1/ptm/bx/n' in size <5> not available
(Font)              Font shape `OT1/ptm/b/n' tried instead on input line 724.
LaTeX Font Info:    Font shape `OT1/ptm/bx/it' in size <5> not available
(Font)              Font shape `OT1/ptm/b/it' tried instead on input line 724.
LaTeX Font Info:    Font shape `OT1/ptm/bx/n' in size <7> not available
(Font)              Font shape `OT1/ptm/b/n' tried instead on input line 724.
LaTeX Font Info:    Font shape `OT1/ptm/bx/it' in size <7> not available
(Font)              Font shape `OT1/ptm/b/it' tried instead on input line 724.
LaTeX Font Info:    Font shape `OT1/ptm/bx/n' in size <8> not available
(Font)              Font shape `OT1/ptm/b/n' tried instead on input line 724.
LaTeX Font Info:    Font shape `OT1/ptm/bx/it' in size <8> not available
(Font)              Font shape `OT1/ptm/b/it' tried instead on input line 724.
LaTeX Font Info:    Font shape `OT1/ptm/bx/n' in size <8.5> not available
(Font)              Font shape `OT1/ptm/b/n' tried instead on input line 724.
LaTeX Font Info:    Font shape `OT1/ptm/bx/it' in size <8.5> not available
(Font)              Font shape `OT1/ptm/b/it' tried instead on input line 724.
LaTeX Font Info:    Font shape `OT1/ptm/bx/n' in size <9> not available
(Font)              Font shape `OT1/ptm/b/n' tried instead on input line 724.
LaTeX Font Info:    Font shape `OT1/ptm/bx/it' in size <9> not available
(Font)              Font shape `OT1/ptm/b/it' tried instead on input line 724.
LaTeX Font Info:    Font shape `OT1/ptm/bx/n' in size <10> not available
(Font)              Font shape `OT1/ptm/b/n' tried instead on input line 724.
LaTeX Font Info:    Font shape `OT1/ptm/bx/it' in size <10> not available
(Font)              Font shape `OT1/ptm/b/it' tried instead on input line 724.
LaTeX Font Info:    Font shape `OT1/ptm/bx/n' in size <14> not available
(Font)              Font shape `OT1/ptm/b/n' tried instead on input line 724.
LaTeX Font Info:    Font shape `OT1/ptm/bx/it' in size <14> not available
(Font)              Font shape `OT1/ptm/b/it' tried instead on input line 724.
LaTeX Font Info:    Font shape `OT1/ptm/bx/n' in size <17> not available
(Font)              Font shape `OT1/ptm/b/n' tried instead on input line 724.
LaTeX Font Info:    Font shape `OT1/ptm/bx/it' in size <17> not available
(Font)              Font shape `OT1/ptm/b/it' tried instead on input line 724.
LaTeX Font Info:    Font shape `OT1/ptm/bx/n' in size <20> not available
(Font)              Font shape `OT1/ptm/b/n' tried instead on input line 724.
LaTeX Font Info:    Font shape `OT1/ptm/bx/it' in size <20> not available
(Font)              Font shape `OT1/ptm/b/it' tried instead on input line 724.
\IEEEilabelindentA=\dimen108
\IEEEilabelindentB=\dimen109
\IEEEilabelindent=\dimen110
\IEEEelabelindent=\dimen111
\IEEEdlabelindent=\dimen112
\IEEElabelindent=\dimen113
\IEEEiednormlabelsep=\dimen114
\IEEEiedmathlabelsep=\dimen115
\IEEEiedtopsep=\skip41
\c@section=\count81
\c@subsection=\count82
\c@subsubsection=\count83
\c@paragraph=\count84
\c@IEEEsubequation=\count85
\abovecaptionskip=\skip42
\belowcaptionskip=\skip43
\c@figure=\count86
\c@table=\count87
\@IEEEeqnnumcols=\count88
\@IEEEeqncolcnt=\count89
\@IEEEtmpitemindent=\dimen116
\c@IEEEbiography=\count90
\@IEEEtranrubishbin=\box26
) ("C:\Program Files\MiKTeX 2.7\tex\latex\natbib\natbib.sty"
Package: natbib 2009/07/16 8.31 (PWD, AO)
\bibhang=\skip44
\bibsep=\skip45
LaTeX Info: Redefining \cite on input line 694.
\c@NAT@ctr=\count91
)
("C:\Program Files\MiKTeX 2.7\tex\latex\ams\math\amsmath.sty"
Package: amsmath 2000/07/18 v2.13 AMS math features
\@mathmargin=\skip46

For additional information on amsmath, use the `?' option.
("C:\Program Files\MiKTeX 2.7\tex\latex\ams\math\amstext.sty"
Package: amstext 2000/06/29 v2.01

("C:\Program Files\MiKTeX 2.7\tex\latex\ams\math\amsgen.sty"
File: amsgen.sty 1999/11/30 v2.0
\@emptytoks=\toks15
\ex@=\dimen117
))
("C:\Program Files\MiKTeX 2.7\tex\latex\ams\math\amsbsy.sty"
Package: amsbsy 1999/11/29 v1.2d
\pmbraise@=\dimen118
)
("C:\Program Files\MiKTeX 2.7\tex\latex\ams\math\amsopn.sty"
Package: amsopn 1999/12/14 v2.01 operator names
)
\inf@bad=\count92
LaTeX Info: Redefining \frac on input line 211.
\uproot@=\count93
\leftroot@=\count94
LaTeX Info: Redefining \overline on input line 307.
\classnum@=\count95
\DOTSCASE@=\count96
LaTeX Info: Redefining \ldots on input line 379.
LaTeX Info: Redefining \dots on input line 382.
LaTeX Info: Redefining \cdots on input line 467.
\Mathstrutbox@=\box27
\strutbox@=\box28
\big@size=\dimen119
LaTeX Font Info:    Redeclaring font encoding OML on input line 567.
LaTeX Font Info:    Redeclaring font encoding OMS on input line 568.
\macc@depth=\count97
\c@MaxMatrixCols=\count98
\dotsspace@=\muskip10
\c@parentequation=\count99
\dspbrk@lvl=\count100
\tag@help=\toks16
\row@=\count101
\column@=\count102
\maxfields@=\count103
\andhelp@=\toks17
\eqnshift@=\dimen120
\alignsep@=\dimen121
\tagshift@=\dimen122
\tagwidth@=\dimen123
\totwidth@=\dimen124
\lineht@=\dimen125
\@envbody=\toks18
\multlinegap=\skip47
\multlinetaggap=\skip48
\mathdisplay@stack=\toks19
LaTeX Info: Redefining \[ on input line 2666.
LaTeX Info: Redefining \] on input line 2667.
)
("C:\Program Files\MiKTeX 2.7\tex\latex\subfigure\subfigure.sty"
Package: subfigure 2002/07/30 v2.1.4 subfigure package
\subfigtopskip=\skip49
\subfigcapskip=\skip50
\subfigcaptopadj=\dimen126
\subfigbottomskip=\skip51
\subfigcapmargin=\dimen127
\subfiglabelskip=\skip52
\c@subfigure=\count104
\c@lofdepth=\count105
\c@subtable=\count106
\c@lotdepth=\count107

****************************************
* Local config file subfigure.cfg used *
****************************************
("C:\Program Files\MiKTeX 2.7\tex\latex\subfigure\subfigure.cfg")
\subfig@top=\skip53
\subfig@bottom=\skip54
)
("C:\Program Files\MiKTeX 2.7\tex\latex\graphics\graphicx.sty"
Package: graphicx 1999/02/16 v1.0f Enhanced LaTeX Graphics (DPC,SPQR)

("C:\Program Files\MiKTeX 2.7\tex\latex\graphics\keyval.sty"
Package: keyval 1999/03/16 v1.13 key=value parser (DPC)
\KV@toks@=\toks20
)
("C:\Program Files\MiKTeX 2.7\tex\latex\graphics\graphics.sty"
Package: graphics 2006/02/20 v1.0o Standard LaTeX Graphics (DPC,SPQR)

("C:\Program Files\MiKTeX 2.7\tex\latex\graphics\trig.sty"
Package: trig 1999/03/16 v1.09 sin cos tan (DPC)
)
("C:\Program Files\MiKTeX 2.7\tex\latex\00miktex\graphics.cfg"
File: graphics.cfg 2007/01/18 v1.5 graphics configuration of teTeX/TeXLive
)
Package graphics Info: Driver file: dvips.def on input line 90.

("C:\Program Files\MiKTeX 2.7\tex\latex\graphics\dvips.def"
File: dvips.def 1999/02/16 v3.0i Driver-dependant file (DPC,SPQR)
))
\Gin@req@height=\dimen128
\Gin@req@width=\dimen129
)
("C:\Program Files\MiKTeX 2.7\tex\latex\pstricks\pstricks.sty"
Package: pstricks 2008/11/26 v0.40 LaTeX wrapper for `PSTricks' (RN,HV)

("C:\Program Files\MiKTeX 2.7\tex\generic\pstricks\pstricks.tex"
`PSTricks' v1.29  <2009/05/19> (tvz)
\pst@dima=\dimen130
\pst@dimb=\dimen131
\pst@dimc=\dimen132
\pst@dimd=\dimen133
\pst@dimg=\dimen134
\pst@dimh=\dimen135
\pst@hbox=\box29
\pst@boxg=\box30
\pst@cnta=\count108
\pst@cntb=\count109
\pst@cntc=\count110
\pst@cntd=\count111
\pst@cntg=\count112
\pst@cnth=\count113
\pst@toks=\toks21
("C:\Program Files\MiKTeX 2.7\tex\generic\pstricks\pstricks.con")
\psunit=\dimen136
\psxunit=\dimen137
\psyunit=\dimen138
\pslinewidth=\dimen139
\pst@customdefs=\toks22
\pslinearc=\dimen140
\everypsbox=\toks23
\psframesep=\dimen141
\pslabelsep=\dimen142
\pst@shift=\dimen143
\theoverlaybox=\box31
)
File: pstricks.tex 2009/05/19 v1.29 `PSTricks' (tvz,hv)

("C:\Program Files\MiKTeX 2.7\tex\latex\xcolor\xcolor.sty"
Package: xcolor 2007/01/21 v2.11 LaTeX color extensions (UK)

("C:\Program Files\MiKTeX 2.7\tex\latex\00miktex\color.cfg"
File: color.cfg 2007/01/18 v1.5 color configuration of teTeX/TeXLive
)
Package xcolor Info: Driver file: dvips.def on input line 225.
Package xcolor Info: Model `cmy' substituted by `cmy0' on input line 1337.
Package xcolor Info: Model `RGB' extended on input line 1353.
Package xcolor Info: Model `HTML' substituted by `rgb' on input line 1355.
Package xcolor Info: Model `Hsb' substituted by `hsb' on input line 1356.
Package xcolor Info: Model `tHsb' substituted by `hsb' on input line 1357.
Package xcolor Info: Model `HSB' substituted by `hsb' on input line 1358.
Package xcolor Info: Model `Gray' substituted by `gray' on input line 1359.
Package xcolor Info: Model `wave' substituted by `hsb' on input line 1360.
))
("C:\Program Files\MiKTeX 2.7\tex\latex\pstricks-add\pstricks-add.sty"
Package: pstricks-add 2009/03/17 v. 0.13 package wrapper for pstricks-add.tex (
hv)

("C:\Program Files\MiKTeX 2.7\tex\generic\pstricks-add\pstricks-add.tex"
("C:\Program Files\MiKTeX 2.7\tex\generic\pstricks\pst-plot.tex"
("C:\Program Files\MiKTeX 2.7\tex\generic\multido\multido.tex"
 v1.41, 2004/05/18 <tvz>
\multido@count=\count114
\multidocount=\count115
\multido@stuff=\toks24
)  v1.04, 2009/06/08)
("C:\Program Files\MiKTeX 2.7\tex\generic\pstricks\pst-node.tex"
 v1.01, 2008/11/26
\psrow=\count116
\pscol=\count117
\psmatrixcnt=\count118
\psrowsep=\skip55
\pscolsep=\skip56
) ("C:\Program Files\MiKTeX 2.7\tex\generic\pst-3d\pst-3d.tex" ("C:\Program Fil
es\MiKTeX 2.7\tex\generic\xkeyval\pst-xkey.tex"
File: pst-xkey.tex 2005/11/25 v1.6 PSTricks specialization of xkeyval (HA)

("C:\Program Files\MiKTeX 2.7\tex\latex\xkeyval\xkeyval.sty"
Package: xkeyval 2008/08/13 v2.6a package option processing (HA)

("C:\Program Files\MiKTeX 2.7\tex\generic\xkeyval\xkeyval.tex"
\XKV@toks=\toks25
\XKV@tempa@toks=\toks26
\XKV@depth=\count119
File: xkeyval.tex 2008/08/13 v2.6a key=value parser (HA)
)))
`PST-3d' v1.00, 2005/09/03 (tvz))
("C:\Program Files\MiKTeX 2.7\tex\generic\pstricks-add\pst-fp.tex"
`pst-fp' v0.02, 2009/04/02 (hv)
\pstFP@xs=\count120
\pstFP@xia=\count121
\pstFP@xib=\count122
\pstFP@xfa=\count123
\pstFP@xfb=\count124
\pstFP@rega=\count125
\pstFP@regb=\count126
\pstFP@regs=\count127
\pstFP@times=\count128
)
("C:\Program Files\MiKTeX 2.7\tex\generic\pst-math\pst-math.tex"
`pst-math' v0.21 , (CJ,hv)) `pstricks-add' v3.34, 2009/05/25 (dr,hv)
\pst@dimm=\dimen144
\pst@dimn=\dimen145
\pst@dimo=\dimen146
\pst@dimp=\dimen147
\pst@cntm=\count129
\pst@cntn=\count130
\pst@cnto=\count131
\pst@cntp=\count132
\@zero=\count133
\pstRadUnit=\dimen148
\pstRadUnitInv=\dimen149
\pshooklength=\dimen150
\pshookwidth=\dimen151
\@digitcounter=\count134
\psk@subticksize=\dimen152
\pst@xticksizeA=\dimen153
\pst@xticksizeB=\dimen154
\pst@xticksizeC=\dimen155
\pst@yticksizeA=\dimen156
\pst@yticksizeB=\dimen157
\pst@yticksizeC=\dimen158
\psk@llx=\dimen159
\psk@lly=\dimen160
\psk@urx=\dimen161
\psk@ury=\dimen162
\pst@xunit=\dimen163
\pst@yunit=\dimen164
\linecnt=\count135
\chart@ColorIndex=\dimen165
\chart@ColorStep=\dimen166
\pst@chartHeight=\dimen167
\pst@chartStackDepth=\dimen168
\pst@chartStackWidth=\dimen169
\chart@Toggle=\count136
)
File: pstricks-add.tex 2009/05/25 v3.34 `PSTricks-add' (hv)
)
No file rommePaper.aux.
LaTeX Font Info:    Checking defaults for OML/cmm/m/it on input line 356.
LaTeX Font Info:    ... okay on input line 356.
LaTeX Font Info:    Checking defaults for T1/cmr/m/n on input line 356.
LaTeX Font Info:    ... okay on input line 356.
LaTeX Font Info:    Checking defaults for OT1/cmr/m/n on input line 356.
LaTeX Font Info:    ... okay on input line 356.
LaTeX Font Info:    Checking defaults for OMS/cmsy/m/n on input line 356.
LaTeX Font Info:    ... okay on input line 356.
LaTeX Font Info:    Checking defaults for OMX/cmex/m/n on input line 356.
LaTeX Font Info:    ... okay on input line 356.
LaTeX Font Info:    Checking defaults for U/cmr/m/n on input line 356.
LaTeX Font Info:    ... okay on input line 356.
! Too many }'s.
l.366 }
       
You've closed more groups than you opened.
Such booboos are generally harmless, so keep going.

! Too many }'s.
l.367 }
       
You've closed more groups than you opened.
Such booboos are generally harmless, so keep going.

LaTeX Font Info:    Try loading font information for OT1+phv on input line 401.

("C:\Program Files\MiKTeX 2.7\tex\latex\psnfss\ot1phv.fd"
File: ot1phv.fd 2001/06/04 scalable font definitions for OT1/phv.
)
LaTeX Font Info:    Font shape `OT1/ptm/bx/n' in size <12> not available
(Font)              Font shape `OT1/ptm/b/n' tried instead on input line 401.


LaTeX Warning: No \author given.


LaTeX Warning: No \author given.

(intro.tex) (prework.tex

Package natbib Warning: Citation `Baraff1994' on page 1 undefined on input line
 11.


Package natbib Warning: Citation `Mirtich1996' on page 1 undefined on input lin
e 11.


Package natbib Warning: Citation `Stewart2000' on page 1 undefined on input lin
e 11.


Package natbib Warning: Citation `Raibert1991' on page 1 undefined on input lin
e 15.


Package natbib Warning: Citation `Hodgins1995' on page 1 undefined on input lin
e 16.

[1


]

Package natbib Warning: Citation `Witkin1988' on page 2 undefined on input line
 29.


Package natbib Warning: Citation `Jain2009' on page 2 undefined on input line 3
1.


Package natbib Warning: Citation `BalanceControl' on page 2 undefined on input 
line 32.


Package natbib Warning: Citation `Liu2009' on page 2 undefined on input line 33
.


Package natbib Warning: Citation `Anderson2001' on page 2 undefined on input li
ne 36.


Package natbib Warning: Citation `Cohen1992' on page 2 undefined on input line 
37.


Package natbib Warning: Citation `Liu1994' on page 2 undefined on input line 37
.


Package natbib Warning: Citation `Popovi'c1999' on page 2 undefined on input li
ne 38.


Package natbib Warning: Citation `Laszlo1996' on page 2 undefined on input line
 40.


Package natbib Warning: Citation `Sims' on page 2 undefined on input line 44.


Package natbib Warning: Citation `Glynn2003' on page 2 undefined on input line 
54.


Package natbib Warning: Citation `nishikawa2007neuromechanics' on page 2 undefi
ned on input line 72.


Package natbib Warning: Citation `latash2008neurophysiological' on page 2 undef
ined on input line 79.


Package natbib Warning: Citation `hogan1985ica' on page 2 undefined on input li
ne 91.


Package natbib Warning: Citation `Franklin2007' on page 2 undefined on input li
ne 100.


Package natbib Warning: Citation `nishikawa2007neuromechanics' on page 2 undefi
ned on input line 104.


Package natbib Warning: Citation `Pfeifer2005' on page 2 undefined on input lin
e 104.

) (theory.tex [2]

Package natbib Warning: Citation `Poincar'e1899' on page 3 undefined on input l
ine 8.


Package natbib Warning: Citation `Poincar'e1885' on page 3 undefined on input l
ine 8.


Package natbib Warning: Citation `abraham1978foundations' on page 3 undefined o
n input line 9.


LaTeX Warning: Reference `eq:ode' on page 3 undefined on input line 26.


Package natbib Warning: Citation `Andronov1937' on page 3 undefined on input li
ne 83.


Package natbib Warning: Citation `Jonckheere1997' on page 3 undefined on input 
line 84.

[3]

Package natbib Warning: Citation `Cohen1988' on page 4 undefined on input line 
149.


Package natbib Warning: Citation `Gonz'alez-Miranda2004' on page 4 undefined on
 input line 150.


LaTeX Warning: Reference `eq:couple1' on page 4 undefined on input line 179.


LaTeX Warning: Reference `eq:couple1' on page 4 undefined on input line 181.


Package natbib Warning: Citation `neurooscillation' on page 4 undefined on inpu
t line 194.


Package natbib Warning: Citation `Matsuoka1987' on page 4 undefined on input li
ne 210.


Package natbib Warning: Citation `Williamson1998' on page 4 undefined on input 
line 211.


LaTeX Warning: File `Figures/neural_attraction.eps' not found on input line 238
.


! LaTeX Error: File `Figures/neural_attraction.eps' not found.

See the LaTeX manual or LaTeX Companion for explanation.
Type  H <return>  for immediate help.
 ...                                              
                                                  
l.238 }
       
Try typing  <return>  to proceed.
If that doesn't work, type  X <return>  to quit.


! LaTeX Error: Cannot determine size of graphic in Figures/neural_attraction.ep
s (no BoundingBox).

See the LaTeX manual or LaTeX Companion for explanation.
Type  H <return>  for immediate help.
 ...                                              
                                                  
l.238 }
       
Try typing  <return>  to proceed.
If that doesn't work, type  X <return>  to quit.

File: Figures/neural_attraction.eps Graphic file (type eps)
<Figures/neural_attraction.eps>

LaTeX Warning: File `Figures/neural_attraction_phase.eps' not found on input li
ne 238.


! LaTeX Error: File `Figures/neural_attraction_phase.eps' not found.

See the LaTeX manual or LaTeX Companion for explanation.
Type  H <return>  for immediate help.
 ...                                              
                                                  
l.238 }
       
Try typing  <return>  to proceed.
If that doesn't work, type  X <return>  to quit.


! LaTeX Error: Cannot determine size of graphic in Figures/neural_attraction_ph
ase.eps (no BoundingBox).

See the LaTeX manual or LaTeX Companion for explanation.
Type  H <return>  for immediate help.
 ...                                              
                                                  
l.238 }
       
Try typing  <return>  to proceed.
If that doesn't work, type  X <return>  to quit.

File: Figures/neural_attraction_phase.eps Graphic file (type eps)
<Figures/neural_attraction_phase.eps>) (app.tex

LaTeX Warning: `!h' float specifier changed to `!ht'.

[4]

Package natbib Warning: Citation `Raibert1986' on page 5 undefined on input lin
e 2.


Package natbib Warning: Citation `McGeer1990' on page 5 undefined on input line
 7.


Package natbib Warning: Citation `McGeer1990a' on page 5 undefined on input lin
e 7.


LaTeX Warning: Reference `fig:2d_walker' on page 5 undefined on input line 18.


Package natbib Warning: Citation `Wisse2005' on page 5 undefined on input line 
19.


! LaTeX Error: File `Figures/PWI.tex' not found.

Type X to quit or <RETURN> to proceed,
or enter new name. (Default extension: tex)

Enter file name: 
! Emergency stop.
<read *> 
         
l.26 }
      
*** (cannot \read from terminal in nonstop modes)

 
Here is how much of TeX's memory you used:
 5448 strings out of 95305
 73521 string characters out of 1183059
 217554 words of memory out of 1500000
 8615 multiletter control sequences out of 110000
 27862 words of font info for 64 fonts, out of 3000000 for 5000
 17 hyphenation exceptions out of 8191
 31i,9n,37p,339b,331s stack positions out of 5000i,500n,10000p,200000b,50000s
Output written on rommePaper.dvi (4 pages, 32208 bytes).
